Build started 2019-02-15 21:36:29.
     1>Project "E:\Programy\Projekty Visual Studio\Zabezpieczenia i ich dobór\Zabezpieczenia i ich dobór\Zabezpieczenia i ich dobór.vcxproj" on node 2 (Build target(s)).
     1>ClCompile:
         E:\Microsoft Visual Studio 11.0\VC\bin\CL.exe /c /ZI /nologo /W3 /WX- /sdl /Od /Oy- /D WIN32 /D _DEBUG /D _CONSOLE /D _UNICODE /D UNICODE /Gm /EHsc /RTC1 /MDd /GS /fp:precise /Zc:wchar_t /Zc:forScope /Yu"stdafx.h" /Fp"Debug\Zabezpieczenia i ich dobór.pch" /Fo"Debug\\" /Fd"Debug\vc110.pdb" /Gd /TP /analyze- /errorReport:prompt "Zabezpieczenia i ich dobór.cpp"
         Zabezpieczenia i ich dobór.cpp
     1>e:\programy\projekty visual studio\zabezpieczenia i ich dobór\zabezpieczenia i ich dobór\zabezpieczenia i ich dobór.cpp(75): warning C4244: '=' : conversion from 'double' to 'float', possible loss of data
     1>e:\programy\projekty visual studio\zabezpieczenia i ich dobór\zabezpieczenia i ich dobór\zabezpieczenia i ich dobór.cpp(76): warning C4244: '=' : conversion from 'double' to 'float', possible loss of data
     1>e:\programy\projekty visual studio\zabezpieczenia i ich dobór\zabezpieczenia i ich dobór\zabezpieczenia i ich dobór.cpp(77): warning C4244: '=' : conversion from 'double' to 'float', possible loss of data
     1>e:\programy\projekty visual studio\zabezpieczenia i ich dobór\zabezpieczenia i ich dobór\zabezpieczenia i ich dobór.cpp(78): warning C4244: '=' : conversion from 'double' to 'float', possible loss of data
     1>e:\programy\projekty visual studio\zabezpieczenia i ich dobór\zabezpieczenia i ich dobór\zabezpieczenia i ich dobór.cpp(113): warning C4244: '=' : conversion from 'double' to 'float', possible loss of data
     1>e:\programy\projekty visual studio\zabezpieczenia i ich dobór\zabezpieczenia i ich dobór\zabezpieczenia i ich dobór.cpp(147): warning C4244: '=' : conversion from 'double' to 'int', possible loss of data
     1>e:\programy\projekty visual studio\zabezpieczenia i ich dobór\zabezpieczenia i ich dobór\zabezpieczenia i ich dobór.cpp(149): warning C4244: '=' : conversion from 'double' to 'float', possible loss of data
     1>e:\programy\projekty visual studio\zabezpieczenia i ich dobór\zabezpieczenia i ich dobór\zabezpieczenia i ich dobór.cpp(226): warning C4305: '=' : truncation from 'double' to 'float'
     1>e:\programy\projekty visual studio\zabezpieczenia i ich dobór\zabezpieczenia i ich dobór\zabezpieczenia i ich dobór.cpp(227): warning C4305: '=' : truncation from 'double' to 'float'
     1>e:\programy\projekty visual studio\zabezpieczenia i ich dobór\zabezpieczenia i ich dobór\zabezpieczenia i ich dobór.cpp(229): warning C4244: '=' : conversion from 'double' to 'float', possible loss of data
     1>e:\programy\projekty visual studio\zabezpieczenia i ich dobór\zabezpieczenia i ich dobór\zabezpieczenia i ich dobór.cpp(230): warning C4244: '=' : conversion from 'double' to 'float', possible loss of data
     1>e:\programy\projekty visual studio\zabezpieczenia i ich dobór\zabezpieczenia i ich dobór\zabezpieczenia i ich dobór.cpp(253): warning C4244: '=' : conversion from 'double' to 'float', possible loss of data
       Link:
         E:\Microsoft Visual Studio 11.0\VC\bin\link.exe /ERRORREPORT:PROMPT /OUT:"E:\Programy\Projekty Visual Studio\Zabezpieczenia i ich dobór\Debug\Zabezpieczenia i ich dobór.exe" /INCREMENTAL /NOLOGO kernel32.lib user32.lib gdi32.lib winspool.lib comdlg32.lib advapi32.lib shell32.lib ole32.lib oleaut32.lib uuid.lib odbc32.lib odbccp32.lib /MANIFEST /MANIFESTUAC:"level='asInvoker' uiAccess='false'" /manifest:embed /DEBUG /PDB:"E:\Programy\Projekty Visual Studio\Zabezpieczenia i ich dobór\Debug\Zabezpieczenia i ich dobór.pdb" /SUBSYSTEM:CONSOLE /TLBID:1 /DYNAMICBASE /NXCOMPAT /IMPLIB:"E:\Programy\Projekty Visual Studio\Zabezpieczenia i ich dobór\Debug\Zabezpieczenia i ich dobór.lib" /MACHINE:X86 Debug\stdafx.obj
         "Debug\Zabezpieczenia i ich dobór.obj"
         Zabezpieczenia i ich dobór.vcxproj -> E:\Programy\Projekty Visual Studio\Zabezpieczenia i ich dobór\Debug\Zabezpieczenia i ich dobór.exe
     1>Done Building Project "E:\Programy\Projekty Visual Studio\Zabezpieczenia i ich dobór\Zabezpieczenia i ich dobór\Zabezpieczenia i ich dobór.vcxproj" (Build target(s)).

Build succeeded.

Time Elapsed 00:00:01.37
